<?xml version="1.0" encoding="UTF-8"?>
<testsuite xmlns:xsi="http://www.w3.org/2001/XMLSchema-instance" xsi:noNamespaceSchemaLocation="https://maven.apache.org/surefire/maven-surefire-plugin/xsd/surefire-test-report.xsd" name="ar.com.benjamd.junit5app.ejemplo.models.CuentaTest" time="0.087" tests="7" errors="0" skipped="1" failures="0">
  <properties>
[...]
</properties>
  <testcase name="transferirDineroCuentasTest" classname="ar.com.benjamd.junit5app.ejemplo.models.CuentaTest$CuentaOperacionesTest" time="0">
    <skipped message="void ar.com.benjamd.junit5app.ejemplo.models.CuentaTest$CuentaOperacionesTest.transferirDineroCuentasTest() is @Disabled"/>
    <system-out><![CDATA[Inicializando el test
]]></system-out>
  </testcase>
  <testcase name="relacionBancoCuentasTest" classname="ar.com.benjamd.junit5app.ejemplo.models.CuentaTest$CuentaOperacionesTest" time="0.037"/>
  <testcase name="debitoCuentaTest" classname="ar.com.benjamd.junit5app.ejemplo.models.CuentaTest$CuentaOperacionesTest" time="0.004"/>
  <testcase name="creditoCuentaTest" classname="ar.com.benjamd.junit5app.ejemplo.models.CuentaTest$CuentaOperacionesTest" time="0.001"/>
  <testcase name="nombreCuentaTest" classname="ar.com.benjamd.junit5app.ejemplo.models.CuentaTest$CuentaNombreYSaldoTest" time="0.002"/>
  <testcase name="saldoCuentaTest" classname="ar.com.benjamd.junit5app.ejemplo.models.CuentaTest$CuentaNombreYSaldoTest" time="0.002"/>
  <testcase name="referenciaCuentaTest" classname="ar.com.benjamd.junit5app.ejemplo.models.CuentaTest$CuentaNombreYSaldoTest" time="0.001"/>
</testsuite>